<?xml version="1.0" encoding="UTF-8"?>
<testng-results ignored="0" total="4" passed="4" failed="0" skipped="0">
  <reporter-output>
  </reporter-output>
  <suite started-at="2022-11-08T11:55:30 IST" name="Default suite" finished-at="2022-11-08T11:55:36 IST" duration-ms="5262">
    <groups>
    </groups>
    <test started-at="2022-11-08T11:55:30 IST" name="Default test" finished-at="2022-11-08T11:55:36 IST" duration-ms="5262">
      <class name="Test.operations">
        <test-method is-config="true" signature="opening_browser()[pri:0, instance:Test.operations@bef2d72]" started-at="2022-11-08T11:55:30 IST" name="opening_browser" finished-at="2022-11-08T11:55:34 IST" duration-ms="4099" status="PASS">
          <reporter-output>
          </reporter-output>
        </test-method> <!-- opening_browser -->
        <test-method signature="title()[pri:1, instance:Test.operations@bef2d72]" started-at="2022-11-08T11:55:34 IST" name="title" finished-at="2022-11-08T11:55:35 IST" duration-ms="76" status="PASS">
          <reporter-output>
          </reporter-output>
        </test-method> <!-- title -->
        <test-method signature="geturl()[pri:2, instance:Test.operations@bef2d72]" started-at="2022-11-08T11:55:35 IST" name="geturl" finished-at="2022-11-08T11:55:35 IST" duration-ms="13" status="PASS">
          <reporter-output>
          </reporter-output>
        </test-method> <!-- geturl -->
        <test-method signature="dropdown()[pri:3, instance:Test.operations@bef2d72]" started-at="2022-11-08T11:55:35 IST" name="dropdown" finished-at="2022-11-08T11:55:35 IST" duration-ms="393" status="PASS">
          <reporter-output>
          </reporter-output>
        </test-method> <!-- dropdown -->
        <test-method signature="screenshot()[pri:4, instance:Test.operations@bef2d72]" started-at="2022-11-08T11:55:35 IST" name="screenshot" finished-at="2022-11-08T11:55:36 IST" duration-ms="609" status="PASS">
          <reporter-output>
          </reporter-output>
        </test-method> <!-- screenshot -->
      </class> <!-- Test.operations -->
    </test> <!-- Default test -->
  </suite> <!-- Default suite -->
</testng-results>
