<?xml version="1.0" encoding="UTF-8"?>
<!-- Generated by org.testng.reporters.JUnitXMLReporter -->
<testsuite ignored="0" hostname="DESKTOP-HNCM05E" failures="0" tests="4" name="Default test" time="5.262" errors="0" timestamp="2022-11-08T11:55:36 IST">
  <testcase classname="Test.task4" name="title" time="0.076"/>
  <testcase classname="Test.operations" name="geturl" time="0.013"/>
  <testcase classname="Test.operations" name="dropdown" time="0.393"/>
  <testcase classname="Test.operations" name="screenshot" time="0.609"/>
</testsuite> <!-- Default test -->
